<?xml version="1.0" encoding="UTF-8"?>
<coverage generated="1753771006360" clover="3.2.0">
  <project timestamp="1753771006360" name="All files">
    <metrics statements="164" coveredstatements="129" conditionals="8" coveredconditionals="6" methods="29" coveredmethods="28" elements="201" coveredelements="163" complexity="0" loc="164" ncloc="164" packages="8" files="21" classes="21"/>
    <package name="src">
      <metrics statements="24" coveredstatements="9" conditionals="2" coveredconditionals="0" methods="4" coveredmethods="3"/>
      <file name="app.controller.ts" path="/media/kedar/New Volume/loopr-work/NestJS/todo-app/src/app.controller.ts">
        <metrics statements="6" coveredstatements="6" conditionals="0" coveredconditionals="0" methods="2" coveredmethods="2"/>
        <line num="1" count="1" type="stmt"/>
        <line num="2" count="1" type="stmt"/>
        <line num="5" count="1" type="stmt"/>
        <line num="6" count="1" type="stmt"/>
        <line num="9" count="1" type="stmt"/>
        <line num="10" count="1" type="stmt"/>
      </file>
      <file name="app.module.ts" path="/media/kedar/New Volume/loopr-work/NestJS/todo-app/src/app.module.ts">
        <metrics statements="10" coveredstatements="0" conditionals="0" coveredconditionals="0" methods="0" coveredmethods="0"/>
        <line num="1" count="0" type="stmt"/>
        <line num="2" count="0" type="stmt"/>
        <line num="3" count="0" type="stmt"/>
        <line num="4" count="0" type="stmt"/>
        <line num="5" count="0" type="stmt"/>
        <line num="6" count="0" type="stmt"/>
        <line num="7" count="0" type="stmt"/>
        <line num="8" count="0" type="stmt"/>
        <line num="9" count="0" type="stmt"/>
        <line num="26" count="0" type="stmt"/>
      </file>
      <file name="app.service.ts" path="/media/kedar/New Volume/loopr-work/NestJS/todo-app/src/app.service.ts">
        <metrics statements="3" coveredstatements="3" conditionals="0" coveredconditionals="0" methods="1" coveredmethods="1"/>
        <line num="1" count="1" type="stmt"/>
        <line num="4" count="1" type="stmt"/>
        <line num="6" count="1" type="stmt"/>
      </file>
      <file name="main.ts" path="/media/kedar/New Volume/loopr-work/NestJS/todo-app/src/main.ts">
        <metrics statements="5" coveredstatements="0" conditionals="2" coveredconditionals="0" methods="1" coveredmethods="0"/>
        <line num="1" count="0" type="stmt"/>
        <line num="2" count="0" type="stmt"/>
        <line num="5" count="0" type="stmt"/>
        <line num="6" count="0" type="cond" truecount="0" falsecount="2"/>
        <line num="8" count="0" type="stmt"/>
      </file>
    </package>
    <package name="src.auth">
      <metrics statements="58" coveredstatements="49" conditionals="4" coveredconditionals="4" methods="10" coveredmethods="10"/>
      <file name="auth.controller.ts" path="/media/kedar/New Volume/loopr-work/NestJS/todo-app/src/auth/auth.controller.ts">
        <metrics statements="12" coveredstatements="12" conditionals="0" coveredconditionals="0" methods="3" coveredmethods="3"/>
        <line num="1" count="1" type="stmt"/>
        <line num="2" count="1" type="stmt"/>
        <line num="3" count="1" type="stmt"/>
        <line num="4" count="1" type="stmt"/>
        <line num="5" count="1" type="stmt"/>
        <line num="8" count="1" type="stmt"/>
        <line num="10" count="3" type="stmt"/>
        <line num="11" count="3" type="stmt"/>
        <line num="16" count="1" type="stmt"/>
        <line num="17" count="1" type="stmt"/>
        <line num="21" count="1" type="stmt"/>
        <line num="22" count="1" type="stmt"/>
      </file>
      <file name="auth.module.ts" path="/media/kedar/New Volume/loopr-work/NestJS/todo-app/src/auth/auth.module.ts">
        <metrics statements="9" coveredstatements="0" conditionals="0" coveredconditionals="0" methods="0" coveredmethods="0"/>
        <line num="1" count="0" type="stmt"/>
        <line num="2" count="0" type="stmt"/>
        <line num="3" count="0" type="stmt"/>
        <line num="4" count="0" type="stmt"/>
        <line num="5" count="0" type="stmt"/>
        <line num="6" count="0" type="stmt"/>
        <line num="7" count="0" type="stmt"/>
        <line num="8" count="0" type="stmt"/>
        <line num="23" count="0" type="stmt"/>
      </file>
      <file name="auth.service.ts" path="/media/kedar/New Volume/loopr-work/NestJS/todo-app/src/auth/auth.service.ts">
        <metrics statements="14" coveredstatements="14" conditionals="3" coveredconditionals="3" methods="3" coveredmethods="3"/>
        <line num="1" count="3" type="stmt"/>
        <line num="2" count="3" type="stmt"/>
        <line num="3" count="3" type="stmt"/>
        <line num="4" count="3" type="stmt"/>
        <line num="7" count="3" type="stmt"/>
        <line num="9" count="9" type="stmt"/>
        <line num="10" count="9" type="stmt"/>
        <line num="14" count="5" type="stmt"/>
        <line num="15" count="4" type="cond" truecount="3" falsecount="0"/>
        <line num="16" count="1" type="stmt"/>
        <line num="17" count="1" type="stmt"/>
        <line num="19" count="2" type="stmt"/>
        <line num="23" count="3" type="stmt"/>
        <line num="24" count="3" type="stmt"/>
      </file>
      <file name="jwt-auth.guard.ts" path="/media/kedar/New Volume/loopr-work/NestJS/todo-app/src/auth/jwt-auth.guard.ts">
        <metrics statements="3" coveredstatements="3" conditionals="0" coveredconditionals="0" methods="0" coveredmethods="0"/>
        <line num="1" count="1" type="stmt"/>
        <line num="2" count="1" type="stmt"/>
        <line num="5" count="1" type="stmt"/>
      </file>
      <file name="jwt.strategy.ts" path="/media/kedar/New Volume/loopr-work/NestJS/todo-app/src/auth/jwt.strategy.ts">
        <metrics statements="6" coveredstatements="6" conditionals="0" coveredconditionals="0" methods="2" coveredmethods="2"/>
        <line num="1" count="1" type="stmt"/>
        <line num="2" count="1" type="stmt"/>
        <line num="3" count="1" type="stmt"/>
        <line num="6" count="1" type="stmt"/>
        <line num="8" count="2" type="stmt"/>
        <line num="16" count="1" type="stmt"/>
      </file>
      <file name="local-auth.guard.ts" path="/media/kedar/New Volume/loopr-work/NestJS/todo-app/src/auth/local-auth.guard.ts">
        <metrics statements="3" coveredstatements="3" conditionals="0" coveredconditionals="0" methods="0" coveredmethods="0"/>
        <line num="1" count="1" type="stmt"/>
        <line num="2" count="1" type="stmt"/>
        <line num="5" count="1" type="stmt"/>
      </file>
      <file name="local.strategy.ts" path="/media/kedar/New Volume/loopr-work/NestJS/todo-app/src/auth/local.strategy.ts">
        <metrics statements="11" coveredstatements="11" conditionals="1" coveredconditionals="1" methods="2" coveredmethods="2"/>
        <line num="1" count="1" type="stmt"/>
        <line num="2" count="1" type="stmt"/>
        <line num="3" count="1" type="stmt"/>
        <line num="4" count="1" type="stmt"/>
        <line num="7" count="1" type="stmt"/>
        <line num="8" count="3" type="stmt"/>
        <line num="9" count="3" type="stmt"/>
        <line num="13" count="2" type="stmt"/>
        <line num="14" count="2" type="cond" truecount="1" falsecount="0"/>
        <line num="15" count="1" type="stmt"/>
        <line num="17" count="1" type="stmt"/>
      </file>
    </package>
    <package name="src.todo">
      <metrics statements="42" coveredstatements="36" conditionals="2" coveredconditionals="2" methods="12" coveredmethods="12"/>
      <file name="todo.controller.ts" path="/media/kedar/New Volume/loopr-work/NestJS/todo-app/src/todo/todo.controller.ts">
        <metrics statements="17" coveredstatements="17" conditionals="0" coveredconditionals="0" methods="6" coveredmethods="6"/>
        <line num="1" count="1" type="stmt"/>
        <line num="2" count="1" type="stmt"/>
        <line num="3" count="1" type="stmt"/>
        <line num="4" count="1" type="stmt"/>
        <line num="5" count="1" type="stmt"/>
        <line num="10" count="1" type="stmt"/>
        <line num="11" count="6" type="stmt"/>
        <line num="14" count="1" type="stmt"/>
        <line num="15" count="1" type="stmt"/>
        <line num="19" count="1" type="stmt"/>
        <line num="20" count="1" type="stmt"/>
        <line num="24" count="1" type="stmt"/>
        <line num="25" count="1" type="stmt"/>
        <line num="29" count="1" type="stmt"/>
        <line num="30" count="1" type="stmt"/>
        <line num="34" count="1" type="stmt"/>
        <line num="35" count="1" type="stmt"/>
      </file>
      <file name="todo.module.ts" path="/media/kedar/New Volume/loopr-work/NestJS/todo-app/src/todo/todo.module.ts">
        <metrics statements="6" coveredstatements="0" conditionals="0" coveredconditionals="0" methods="0" coveredmethods="0"/>
        <line num="1" count="0" type="stmt"/>
        <line num="2" count="0" type="stmt"/>
        <line num="3" count="0" type="stmt"/>
        <line num="4" count="0" type="stmt"/>
        <line num="5" count="0" type="stmt"/>
        <line num="12" count="0" type="stmt"/>
      </file>
      <file name="todo.service.ts" path="/media/kedar/New Volume/loopr-work/NestJS/todo-app/src/todo/todo.service.ts">
        <metrics statements="19" coveredstatements="19" conditionals="2" coveredconditionals="2" methods="6" coveredmethods="6"/>
        <line num="1" count="2" type="stmt"/>
        <line num="4" count="2" type="stmt"/>
        <line num="5" count="2" type="stmt"/>
        <line num="6" count="2" type="stmt"/>
        <line num="9" count="2" type="stmt"/>
        <line num="12" count="9" type="stmt"/>
        <line num="16" count="1" type="stmt"/>
        <line num="17" count="1" type="stmt"/>
        <line num="21" count="1" type="stmt"/>
        <line num="25" count="6" type="stmt"/>
        <line num="29" count="2" type="stmt"/>
        <line num="30" count="2" type="cond" truecount="1" falsecount="0"/>
        <line num="31" count="1" type="stmt"/>
        <line num="33" count="1" type="stmt"/>
        <line num="34" count="1" type="stmt"/>
        <line num="38" count="2" type="stmt"/>
        <line num="39" count="2" type="cond" truecount="1" falsecount="0"/>
        <line num="40" count="1" type="stmt"/>
        <line num="42" count="1" type="stmt"/>
      </file>
    </package>
    <package name="src.todo.dto">
      <metrics statements="8" coveredstatements="8" conditionals="0" coveredconditionals="0" methods="0" coveredmethods="0"/>
      <file name="create-todo.dto.ts" path="/media/kedar/New Volume/loopr-work/NestJS/todo-app/src/todo/dto/create-todo.dto.ts">
        <metrics statements="5" coveredstatements="5" conditionals="0" coveredconditionals="0" methods="0" coveredmethods="0"/>
        <line num="1" count="1" type="stmt"/>
        <line num="3" count="1" type="stmt"/>
        <line num="5" count="1" type="stmt"/>
        <line num="9" count="1" type="stmt"/>
        <line num="13" count="1" type="stmt"/>
      </file>
      <file name="update-todo.dto.ts" path="/media/kedar/New Volume/loopr-work/NestJS/todo-app/src/todo/dto/update-todo.dto.ts">
        <metrics statements="3" coveredstatements="3" conditionals="0" coveredconditionals="0" methods="0" coveredmethods="0"/>
        <line num="1" count="1" type="stmt"/>
        <line num="2" count="1" type="stmt"/>
        <line num="4" count="1" type="stmt"/>
      </file>
    </package>
    <package name="src.todo.entities">
      <metrics statements="6" coveredstatements="6" conditionals="0" coveredconditionals="0" methods="0" coveredmethods="0"/>
      <file name="todo.entity.ts" path="/media/kedar/New Volume/loopr-work/NestJS/todo-app/src/todo/entities/todo.entity.ts">
        <metrics statements="6" coveredstatements="6" conditionals="0" coveredconditionals="0" methods="0" coveredmethods="0"/>
        <line num="1" count="2" type="stmt"/>
        <line num="4" count="2" type="stmt"/>
        <line num="6" count="2" type="stmt"/>
        <line num="9" count="2" type="stmt"/>
        <line num="12" count="2" type="stmt"/>
        <line num="15" count="2" type="stmt"/>
      </file>
    </package>
    <package name="src.users">
      <metrics statements="17" coveredstatements="12" conditionals="0" coveredconditionals="0" methods="3" coveredmethods="3"/>
      <file name="users.module.ts" path="/media/kedar/New Volume/loopr-work/NestJS/todo-app/src/users/users.module.ts">
        <metrics statements="5" coveredstatements="0" conditionals="0" coveredconditionals="0" methods="0" coveredmethods="0"/>
        <line num="1" count="0" type="stmt"/>
        <line num="2" count="0" type="stmt"/>
        <line num="3" count="0" type="stmt"/>
        <line num="4" count="0" type="stmt"/>
        <line num="11" count="0" type="stmt"/>
      </file>
      <file name="users.service.ts" path="/media/kedar/New Volume/loopr-work/NestJS/todo-app/src/users/users.service.ts">
        <metrics statements="12" coveredstatements="12" conditionals="0" coveredconditionals="0" methods="3" coveredmethods="3"/>
        <line num="1" count="4" type="stmt"/>
        <line num="2" count="4" type="stmt"/>
        <line num="3" count="4" type="stmt"/>
        <line num="4" count="4" type="stmt"/>
        <line num="5" count="4" type="stmt"/>
        <line num="9" count="4" type="stmt"/>
        <line num="12" count="6" type="stmt"/>
        <line num="16" count="2" type="stmt"/>
        <line num="20" count="3" type="stmt"/>
        <line num="21" count="2" type="stmt"/>
        <line num="22" count="2" type="stmt"/>
        <line num="26" count="2" type="stmt"/>
      </file>
    </package>
    <package name="src.users.dto">
      <metrics statements="4" coveredstatements="4" conditionals="0" coveredconditionals="0" methods="0" coveredmethods="0"/>
      <file name="create-user.dto.ts" path="/media/kedar/New Volume/loopr-work/NestJS/todo-app/src/users/dto/create-user.dto.ts">
        <metrics statements="4" coveredstatements="4" conditionals="0" coveredconditionals="0" methods="0" coveredmethods="0"/>
        <line num="1" count="1" type="stmt"/>
        <line num="3" count="1" type="stmt"/>
        <line num="5" count="1" type="stmt"/>
        <line num="9" count="1" type="stmt"/>
      </file>
    </package>
    <package name="src.users.entities">
      <metrics statements="5" coveredstatements="5" conditionals="0" coveredconditionals="0" methods="0" coveredmethods="0"/>
      <file name="user.entity.ts" path="/media/kedar/New Volume/loopr-work/NestJS/todo-app/src/users/entities/user.entity.ts">
        <metrics statements="5" coveredstatements="5" conditionals="0" coveredconditionals="0" methods="0" coveredmethods="0"/>
        <line num="1" count="4" type="stmt"/>
        <line num="4" count="4" type="stmt"/>
        <line num="6" count="4" type="stmt"/>
        <line num="9" count="4" type="stmt"/>
        <line num="12" count="4" type="stmt"/>
      </file>
    </package>
  </project>
</coverage>
